build/app/intermediates/manifest_merge_blame_file/release/manifest-merger-blame-release-report.txt
1<?xml version="1.0" encoding="utf-8"?>
2<manifest xmlns:android="http://schemas.android.com/apk/res/android"
3    package="com.example.daily_task"
4    android:versionCode="1"
5    android:versionName="1.0.0" >
6
7    <uses-sdk
8        android:minSdkVersion="16"
8-->src\main\AndroidManifest.xml
9        android:targetSdkVersion="33" />
9-->src\main\AndroidManifest.xml
10
11    <application
12        android:name="android.app.Application"
12-->src\main\AndroidManifest.xml:5:9-42
13        android:appComponentFactory="androidx.core.app.CoreComponentFactory"
13-->[androidx.core:core:1.8.0] AndroidManifest.xml:24:18-86
14        android:icon="@mipmap/ic_launcher"
14-->src\main\AndroidManifest.xml:6:9-43
15        android:label="daily_task" >
15-->src\main\AndroidManifest.xml:4:9-35
16        <activity
16-->src\main\AndroidManifest.xml:7:9-27:20
17            android:name="com.example.daily_task.MainActivity"
17-->src\main\AndroidManifest.xml:8:13-41
18            android:configChanges="orientation|keyboardHidden|keyboard|screenSize|smallestScreenSize|locale|layoutDirection|fontScale|screenLayout|density|uiMode"
18-->src\main\AndroidManifest.xml:12:13-163
19            android:exported="true"
19-->src\main\AndroidManifest.xml:9:13-36
20            android:hardwareAccelerated="true"
20-->src\main\AndroidManifest.xml:13:13-47
21            android:launchMode="singleTop"
21-->src\main\AndroidManifest.xml:10:13-43
22            android:theme="@style/LaunchTheme"
22-->src\main\AndroidManifest.xml:11:13-47
23            android:windowSoftInputMode="adjustResize" >
23-->src\main\AndroidManifest.xml:14:13-55
24
25            <!--
26                 Specifies an Android theme to apply to this Activity as soon as
27                 the Android process has started. This theme is visible to the user
28                 while the Flutter UI initializes. After that, this theme continues
29                 to determine the Window background behind the Flutter UI.
30            -->
31            <meta-data
31-->src\main\AndroidManifest.xml:19:13-22:17
32                android:name="io.flutter.embedding.android.NormalTheme"
32-->src\main\AndroidManifest.xml:20:15-70
33                android:resource="@style/NormalTheme" />
33-->src\main\AndroidManifest.xml:21:15-52
34
35            <intent-filter>
35-->src\main\AndroidManifest.xml:23:13-26:29
36                <action android:name="android.intent.action.MAIN" />
36-->src\main\AndroidManifest.xml:24:17-68
36-->src\main\AndroidManifest.xml:24:25-66
37
38                <category android:name="android.intent.category.LAUNCHER" />
38-->src\main\AndroidManifest.xml:25:17-76
38-->src\main\AndroidManifest.xml:25:27-74
39            </intent-filter>
40        </activity>
41        <!--
42             Don't delete the meta-data below.
43             This is used by the Flutter tool to generate GeneratedPluginRegistrant.java
44        -->
45        <meta-data
45-->src\main\AndroidManifest.xml:30:9-32:33
46            android:name="flutterEmbedding"
46-->src\main\AndroidManifest.xml:31:13-44
47            android:value="2" />
47-->src\main\AndroidManifest.xml:32:13-30
48
49        <provider
49-->[:flutter_email_sender] AndroidManifest.xml:10:9-18:20
50            android:name="com.sidlatau.flutteremailsender.FlutterEmailSenderFileProvider"
50-->[:flutter_email_sender] AndroidManifest.xml:11:13-90
51            android:authorities="com.example.daily_task.file_provider"
51-->[:flutter_email_sender] AndroidManifest.xml:12:13-65
52            android:exported="false"
52-->[:flutter_email_sender] AndroidManifest.xml:13:13-37
53            android:grantUriPermissions="true" >
53-->[:flutter_email_sender] AndroidManifest.xml:14:13-47
54            <meta-data
54-->[:flutter_email_sender] AndroidManifest.xml:15:13-17:61
55                android:name="android.support.FILE_PROVIDER_PATHS"
55-->[:flutter_email_sender] AndroidManifest.xml:16:17-67
56                android:resource="@xml/shared_file_paths" />
56-->[:flutter_email_sender] AndroidManifest.xml:17:17-58
57        </provider>
58
59        <activity
59-->[:url_launcher_android] AndroidManifest.xml:10:9-13:74
60            android:name="io.flutter.plugins.urllauncher.WebViewActivity"
60-->[:url_launcher_android] AndroidManifest.xml:11:13-74
61            android:exported="false"
61-->[:url_launcher_android] AndroidManifest.xml:12:13-37
62            android:theme="@android:style/Theme.NoTitleBar.Fullscreen" />
62-->[:url_launcher_android] AndroidManifest.xml:13:13-71
63
64        <uses-library
64-->[androidx.window:window:1.0.0-beta04] AndroidManifest.xml:25:9-27:40
65            android:name="androidx.window.extensions"
65-->[androidx.window:window:1.0.0-beta04] AndroidManifest.xml:26:13-54
66            android:required="false" />
66-->[androidx.window:window:1.0.0-beta04] AndroidManifest.xml:27:13-37
67        <uses-library
67-->[androidx.window:window:1.0.0-beta04] AndroidManifest.xml:28:9-30:40
68            android:name="androidx.window.sidecar"
68-->[androidx.window:window:1.0.0-beta04] AndroidManifest.xml:29:13-51
69            android:required="false" />
69-->[androidx.window:window:1.0.0-beta04] AndroidManifest.xml:30:13-37
70
71        <provider
71-->[androidx.emoji2:emoji2:1.2.0] AndroidManifest.xml:24:9-32:20
72            android:name="androidx.startup.InitializationProvider"
72-->[androidx.emoji2:emoji2:1.2.0] AndroidManifest.xml:25:13-67
73            android:authorities="com.example.daily_task.androidx-startup"
73-->[androidx.emoji2:emoji2:1.2.0] AndroidManifest.xml:26:13-68
74            android:exported="false" >
74-->[androidx.emoji2:emoji2:1.2.0] AndroidManifest.xml:27:13-37
75            <meta-data
75-->[androidx.emoji2:emoji2:1.2.0] AndroidManifest.xml:29:13-31:52
76                android:name="androidx.emoji2.text.EmojiCompatInitializer"
76-->[androidx.emoji2:emoji2:1.2.0] AndroidManifest.xml:30:17-75
77                android:value="androidx.startup" />
77-->[androidx.emoji2:emoji2:1.2.0] AndroidManifest.xml:31:17-49
78            <meta-data
78-->[androidx.lifecycle:lifecycle-process:2.4.1] AndroidManifest.xml:31:13-33:52
79                android:name="androidx.lifecycle.ProcessLifecycleInitializer"
79-->[androidx.lifecycle:lifecycle-process:2.4.1] AndroidManifest.xml:32:17-78
80                android:value="androidx.startup" />
80-->[androidx.lifecycle:lifecycle-process:2.4.1] AndroidManifest.xml:33:17-49
81        </provider>
82    </application>
83
84</manifest>